Base path: C:/Program Files (x86)/Unity/Editor/Data
Pipe name: \\.\pipe\UnityShaderCompiler-1-972
Cmd: getPlatforms
Cmd: compileSnippet
  api=1 type=0 insize=5424 outsize=926 kw=DIRECTIONAL LIGHTMAP_OFF DIRLIGHTMAP_OFF ok=1
Cmd: compileSnippet
  api=1 type=0 insize=5424 outsize=662 kw=DIRECTIONAL LIGHTMAP_ON DIRLIGHTMAP_ON ok=1
Cmd: compileSnippet
  api=0 type=0 insize=5424 outsize=2008 kw=DIRECTIONAL LIGHTMAP_OFF DIRLIGHTMAP_OFF VERTEXLIGHT_ON ok=1
Cmd: compileSnippet
  api=1 type=1 insize=5424 outsize=751 kw=DIRECTIONAL LIGHTMAP_OFF DIRLIGHTMAP_OFF ok=1
Cmd: compileSnippet
  api=4 type=1 insize=5424 outsize=3062 kw=DIRECTIONAL LIGHTMAP_ON DIRLIGHTMAP_ON ok=1
Cmd: compileSnippet
  api=0 type=0 insize=2693 outsize=894 kw=SPOT ok=1
Cmd: compileSnippet
  api=0 type=0 insize=2693 outsize=857 kw=POINT_COOKIE ok=1
Cmd: compileSnippet
  api=1 type=1 insize=2693 outsize=766 kw=POINT ok=1
Cmd: compileSnippet
  api=0 type=1 insize=2693 outsize=1022 kw=POINT_COOKIE ok=1
